Build started 6/1/2014 9:45:17 PM.
     1>Project "C:\Users\gumpy\Documents\Visual Studio 2012\Projects\NES Emulator\NES Emulator\NES Emulator.vcxproj" on node 2 (Build target(s)).
     1>ClCompile:
         C:\Program Files (x86)\Microsoft Visual Studio 11.0\VC\bin\CL.exe /c /ZI /nologo /W3 /WX- /sdl /Od /Oy- /D WIN32 /D _DEBUG /D _CONSOLE /D _UNICODE /D UNICODE /Gm /EHsc /RTC1 /MDd /GS /fp:precise /Zc:wchar_t /Zc:forScope /Yu"stdafx.h" /Fp"Debug\NES Emulator.pch" /Fo"Debug\\" /Fd"Debug\vc110.pdb" /Gd /TP /analyze- /errorReport:prompt CPU.cpp "NES Emulator.cpp"
         NES Emulator.cpp
         Generating Code...
         Compiling...
         CPU.cpp
     1>c:\users\gumpy\documents\visual studio 2012\projects\nes emulator\nes emulator\cpu.cpp(65): warning C4554: '<<' : check operator precedence for possible error; use parentheses to clarify precedence
     1>c:\users\gumpy\documents\visual studio 2012\projects\nes emulator\nes emulator\cpu.cpp(67): warning C4554: '<<' : check operator precedence for possible error; use parentheses to clarify precedence
     1>c:\users\gumpy\documents\visual studio 2012\projects\nes emulator\nes emulator\cpu.cpp(69): warning C4554: '<<' : check operator precedence for possible error; use parentheses to clarify precedence
     1>c:\users\gumpy\documents\visual studio 2012\projects\nes emulator\nes emulator\cpu.cpp(72): warning C4554: '<<' : check operator precedence for possible error; use parentheses to clarify precedence
     1>c:\users\gumpy\documents\visual studio 2012\projects\nes emulator\nes emulator\cpu.cpp(74): warning C4554: '<<' : check operator precedence for possible error; use parentheses to clarify precedence
     1>c:\users\gumpy\documents\visual studio 2012\projects\nes emulator\nes emulator\cpu.cpp(80): warning C4554: '<<' : check operator precedence for possible error; use parentheses to clarify precedence
     1>c:\users\gumpy\documents\visual studio 2012\projects\nes emulator\nes emulator\cpu.cpp(85): warning C4554: '<<' : check operator precedence for possible error; use parentheses to clarify precedence
     1>c:\users\gumpy\documents\visual studio 2012\projects\nes emulator\nes emulator\cpu.cpp(118): warning C4554: '&' : check operator precedence for possible error; use parentheses to clarify precedence
     1>c:\users\gumpy\documents\visual studio 2012\projects\nes emulator\nes emulator\cpu.cpp(126): warning C4554: '&' : check operator precedence for possible error; use parentheses to clarify precedence
     1>c:\users\gumpy\documents\visual studio 2012\projects\nes emulator\nes emulator\cpu.cpp(129): warning C4554: '&' : check operator precedence for possible error; use parentheses to clarify precedence
     1>c:\users\gumpy\documents\visual studio 2012\projects\nes emulator\nes emulator\cpu.cpp(141): warning C4554: '&' : check operator precedence for possible error; use parentheses to clarify precedence
     1>c:\users\gumpy\documents\visual studio 2012\projects\nes emulator\nes emulator\cpu.cpp(145): warning C4554: '&' : check operator precedence for possible error; use parentheses to clarify precedence
     1>c:\users\gumpy\documents\visual studio 2012\projects\nes emulator\nes emulator\cpu.cpp(155): warning C4554: '&' : check operator precedence for possible error; use parentheses to clarify precedence
     1>c:\users\gumpy\documents\visual studio 2012\projects\nes emulator\nes emulator\cpu.cpp(162): warning C4554: '&' : check operator precedence for possible error; use parentheses to clarify precedence
     1>c:\users\gumpy\documents\visual studio 2012\projects\nes emulator\nes emulator\cpu.cpp(163): warning C4554: '&' : check operator precedence for possible error; use parentheses to clarify precedence
         Generating Code...
     1>c:\users\gumpy\documents\visual studio 2012\projects\nes emulator\nes emulator\cpu.cpp(88): warning C4715: 'CPU::GetAddressingLoc' : not all control paths return a value
       Link:
         C:\Program Files (x86)\Microsoft Visual Studio 11.0\VC\bin\link.exe /ERRORREPORT:PROMPT /OUT:"C:\Users\gumpy\Documents\Visual Studio 2012\Projects\NES Emulator\Debug\NES Emulator.exe" /INCREMENTAL /NOLOGO kernel32.lib user32.lib gdi32.lib winspool.lib comdlg32.lib advapi32.lib shell32.lib ole32.lib oleaut32.lib uuid.lib odbc32.lib odbccp32.lib /MANIFEST /MANIFESTUAC:"level='asInvoker' uiAccess='false'" /manifest:embed /DEBUG /PDB:"C:\Users\gumpy\Documents\Visual Studio 2012\Projects\NES Emulator\Debug\NES Emulator.pdb" /SUBSYSTEM:CONSOLE /TLBID:1 /DYNAMICBASE /NXCOMPAT /IMPLIB:"C:\Users\gumpy\Documents\Visual Studio 2012\Projects\NES Emulator\Debug\NES Emulator.lib" /MACHINE:X86 Debug\CPU.obj
         Debug\MemoryAccesor.obj
         "Debug\NES Emulator.obj"
         Debug\stdafx.obj
         Debug\TestMemoryAccesor.obj
         NES Emulator.vcxproj -> C:\Users\gumpy\Documents\Visual Studio 2012\Projects\NES Emulator\Debug\NES Emulator.exe
     1>Done Building Project "C:\Users\gumpy\Documents\Visual Studio 2012\Projects\NES Emulator\NES Emulator\NES Emulator.vcxproj" (Build target(s)).

Build succeeded.

Time Elapsed 00:00:03.09
